<?xml version="1.0" encoding="UTF-8"?>
<!-- Generated by org.testng.reporters.JUnitReportReporter -->
<testsuite hostname="LAPTOP-PKKFAUCI" failures="0" tests="8" name="sample.Project" time="186.366" errors="0" timestamp="04 Sep 2021 11:42:15 GMT" skipped="0">
  <testcase classname="sample.Project" name="search" time="17.158"/>
  <testcase classname="sample.Project" name="scroll" time="4.271"/>
  <testcase classname="sample.Project" name="addtocart" time="32.342"/>
  <testcase classname="sample.Project" name="toolbar_tshirt" time="37.380"/>
  <testcase classname="sample.Project" name="toolbar_dresses" time="20.784"/>
  <testcase classname="sample.Project" name="viewcart" time="16.281"/>
  <testcase classname="sample.Project" name="sign_in" time="43.454"/>
  <testcase classname="sample.Project" name="Shippingitems" time="14.696"/>
</testsuite> <!-- sample.Project -->
