<?xml version="1.0" encoding="UTF-8"?>
<!-- Generated by org.testng.reporters.JUnitReportReporter -->
<testsuite hostname="LAPTOP-PKKFAUCI" failures="0" tests="5" name="sample.NewTest" time="2.874" errors="0" timestamp="30 Jul 2021 11:54:52 GMT" skipped="0">
  <testcase classname="sample.NewTest" name="homeurl" time="0.091"/>
  <testcase classname="sample.NewTest" name="validation" time="0.024"/>
  <testcase classname="sample.NewTest" name="zuitsbrowser" time="0.299"/>
  <testcase classname="sample.NewTest" name="getproducttitle" time="0.127"/>
  <testcase classname="sample.NewTest" name="search_product" time="2.333"/>
</testsuite> <!-- sample.NewTest -->
