<?xml version="1.0" encoding="UTF-8"?>
<!-- Generated by org.testng.reporters.JUnitReportReporter -->
<testsuite hostname="LAPTOP-PKKFAUCI" failures="0" tests="2" name="sample.Anottedd2" time="0.006" errors="0" timestamp="19 Aug 2021 17:47:18 GMT" skipped="0">
  <testcase classname="sample.Anottedd2" name="f" time="0.005"/>
  <testcase classname="sample.Anottedd2" name="f1" time="0.001"/>
</testsuite> <!-- sample.Anottedd2 -->
