<?xml version="1.0" encoding="UTF-8"?>
<!-- Generated by org.testng.reporters.JUnitReportReporter -->
<testsuite hostname="LAPTOP-PKKFAUCI" failures="0" tests="2" name="sample.Anottedd" time="0.009" errors="0" timestamp="19 Aug 2021 17:30:03 GMT" skipped="0">
  <testcase classname="sample.Anottedd" name="f" time="0.007"/>
  <testcase classname="sample.Anottedd" name="f1" time="0.002"/>
</testsuite> <!-- sample.Anottedd -->
