<?xml version="1.0" encoding="UTF-8"?>
<!-- Generated by org.testng.reporters.JUnitReportReporter -->
<testsuite hostname="LAPTOP-PKKFAUCI" failures="0" tests="4" name="sample.DDt" time="8.678" errors="0" timestamp="19 Aug 2021 17:34:04 GMT" skipped="0">
  <testcase classname="sample.DDt" name="zuitsbrowser" time="4.193"/>
  <testcase classname="sample.DDt" name="search_product" time="2.278"/>
  <testcase classname="sample.DDt" name="homeurl" time="0.174"/>
  <testcase classname="sample.DDt" name="search_product" time="2.033"/>
</testsuite> <!-- sample.DDt -->
